


ARM Macro Assembler    Page 1 


    1 00000000         
    2 00000000         ;/******************************************************
                       ***********************/
    3 00000000         ;/*  Startup for ARM                                    
                                             */
    4 00000000         ;/*  Version     V1.0                                   
                                             */
    5 00000000         ;/*  Date        2024-02-26                             
                                             */
    6 00000000         ;/*  Target-mcu  {MCU_PN_H}                             
                                             */
    7 00000000         ;/******************************************************
                       ***********************/
    8 00000000         
    9 00000000         ; Stack Configuration
   10 00000000         ; Stack Size (in Bytes) <0x0-0xFFFFFFFF:8>
   11 00000000         
   12 00000000 00000400 
                       Stack_Size
                               EQU              0x00000400
   13 00000000         
   14 00000000                 AREA             STACK, NOINIT, READWRITE, ALIGN
=3
   15 00000000         Stack_Mem
                               SPACE            Stack_Size
   16 00000400         __initial_sp
   17 00000400         
   18 00000400         
   19 00000400         ; Heap Configuration
   20 00000400         ;  Heap Size (in Bytes) <0x0-0xFFFFFFFF:8>
   21 00000400         
   22 00000400 00000200 
                       Heap_Size
                               EQU              0x00000200
   23 00000400         
   24 00000400                 AREA             HEAP, NOINIT, READWRITE, ALIGN=
3
   25 00000000         __heap_base
   26 00000000         Heap_Mem
                               SPACE            Heap_Size
   27 00000200         __heap_limit
   28 00000200         
   29 00000200         
   30 00000200                 PRESERVE8
   31 00000200                 THUMB
   32 00000200         
   33 00000200         
   34 00000200         ; Vector Table Mapped to Address 0 at Reset
   35 00000200         
   36 00000200                 AREA             RESET, DATA, READONLY
   37 00000000                 EXPORT           __Vectors
   38 00000000                 EXPORT           __Vectors_End
   39 00000000                 EXPORT           __Vectors_Size
   40 00000000         
   41 00000000         __Vectors
   42 00000000 00000000        DCD              __initial_sp ; Top of Stack
   43 00000004 00000000        DCD              Reset_Handler ;< -15 Reset Vect
                                                            or, invoked on Powe
                                                            r up and warm reset



ARM Macro Assembler    Page 2 


                                                            
   44 00000008 00000000        DCD              NMI_Handler ;< -14 Non maskable
                                                             Interrupt, cannot 
                                                            be stopped or preem
                                                            pted
   45 0000000C 00000000        DCD              HardFault_Handler ;< -13 Hard F
                                                            ault, all classes o
                                                            f Fault
   46 00000010 00000000        DCD              0           ;< -12 Reserved
   47 00000014 00000000        DCD              0           ;< -11 Reserved
   48 00000018 00000000        DCD              0           ;< -10 Reserved
   49 0000001C 00000000        DCD              0           ;< -9 Reserved
   50 00000020 00000000        DCD              0           ;< -8 Reserved
   51 00000024 00000000        DCD              0           ;< -7 Reserved
   52 00000028 00000000        DCD              0           ;< -6 Reserved
   53 0000002C 00000000        DCD              SVC_Handler ;< -5 System Servic
                                                            e Call via SVC inst
                                                            ruction
   54 00000030 00000000        DCD              0           ;< -4 Reserved
   55 00000034 00000000        DCD              0           ;< -3 Reserved
   56 00000038 00000000        DCD              PendSV_Handler ;< -2 Pendable r
                                                            equest for system s
                                                            ervice
   57 0000003C 00000000        DCD              SysTick_Handler ;< -1 System Ti
                                                            ck Timer
   58 00000040         
   59 00000040 00000000        DCD              WDT_IRQHandler ;< 0 Watch Dog T
                                                            imer Interrupt Hand
                                                            ler
   60 00000044 00000000        DCD              LVD_IRQHandler ;< 1 Low Voltage
                                                             Detect Interrupt H
                                                            andler
   61 00000048 00000000        DCD              RTC_IRQHandler ;< 2 RTC Interru
                                                            pt Handler
   62 0000004C 00000000        DCD              FLASHRAM_IRQHandler ;< 3 Flash/
                                                            RAM Interrupt Handl
                                                            er
   63 00000050 00000000        DCD              SYSCTRL_IRQHandler ;< 4 SysCtrl
                                                             Interupt Handler
   64 00000054 00000000        DCD              GPIOA_IRQHandler ;< 5 GPIOA Int
                                                            errupt Handler
   65 00000058 00000000        DCD              GPIOB_IRQHandler ;< 6 GPIOB Int
                                                            errupt Handler
   66 0000005C 00000000        DCD              GPIOC_IRQHandler ;< 7 GPIOC Int
                                                            errupt Handler
   67 00000060 00000000        DCD              GPIOF_IRQHandler ;< 8 GPIOF Int
                                                            errupt Handler
   68 00000064 00000000        DCD              DMACH12_IRQHandler ;< 9 DMA CH1
                                                             and CH2 Interrupt 
                                                            Handler
   69 00000068 00000000        DCD              DMACH34_IRQHandler ;< 10 DMA CH
                                                            3 and CH4 Interrupt
                                                             Handler
   70 0000006C 00000000        DCD              CORDIC_IRQHandler ;< 11 CORDIC 
                                                            Interrupt Handler
   71 00000070 00000000        DCD              ADC1_IRQHandler ;< 12 ADC1 Inte
                                                            rrupt Handler
   72 00000074 00000000        DCD              ATIM_IRQHandler ;< 13 Advanced 
                                                            Timer Interrupt Han



ARM Macro Assembler    Page 3 


                                                            dler
   73 00000078 00000000        DCD              VC13_IRQHandler ;< 14 Voltage C
                                                            omparator 1 and Com
                                                            parator 3 Interrupt
                                                             Handler
   74 0000007C 00000000        DCD              VC24_IRQHandler ;< 15 Voltage C
                                                            omparator 2 and Com
                                                            parator 4 Interrupt
                                                             Handler
   75 00000080 00000000        DCD              GTIM1_IRQHandler ;< 16 General 
                                                            Timer1 Interrupt Ha
                                                            ndler
   76 00000084 00000000        DCD              GTIM2_IRQHandler ;< 17 General 
                                                            Timer2 Interrupt Ha
                                                            ndler
   77 00000088 00000000        DCD              GTIM34_IRQHandler ;< 18 General
                                                             Timer3 and General
                                                             Timer4 Interrupt H
                                                            andler
   78 0000008C 00000000        DCD              LPTIM_IRQHandler ;< 19 LPTIM In
                                                            terrupt Handle
   79 00000090 00000000        DCD              BTIM1_IRQHandler ;< 20 BTIM1 In
                                                            terrupt Handler
   80 00000094 00000000        DCD              BTIM2_IRQHandler ;< 21 BTIM2 In
                                                            terrupt Handler
   81 00000098 00000000        DCD              BTIM3_HALLTIM_IRQHandler ;< 22 
                                                            BTIM3 and Hall time
                                                            r Interrupt Handler
                                                            
   82 0000009C 00000000        DCD              I2C1_IRQHandler ;< 23 I2C1 Inte
                                                            rrupt Handler
   83 000000A0 00000000        DCD              I2C2_IRQHandler ;< 24 I2C2 Inte
                                                            rrupt Handler
   84 000000A4 00000000        DCD              SPI1_IRQHandler ;< 25 SPI1 Inte
                                                            rrupt Handler
   85 000000A8 00000000        DCD              SPI23_IRQHandler ;< 26 SPI2 and
                                                             SPI3 Interrupt Han
                                                            dler
   86 000000AC 00000000        DCD              UART1_IRQHandler ;< 27 UART1 In
                                                            terrupt Handler
   87 000000B0 00000000        DCD              UART2_IRQHandler ;< 28 UART2 In
                                                            terrupt Handler
   88 000000B4 00000000        DCD              UART3_IRQHandler ;< 29 UART3 In
                                                            terrupt Handler
   89 000000B8 00000000        DCD              ADC2_DAC_IRQHandler ;< 30 ADC2 
                                                            and DAC Interrupt H
                                                            andler
   90 000000BC 00000000        DCD              CLKFAULT_IRQHandler ;< 31 CLKFA
                                                            ULT Interrupt Handl
                                                            er
   91 000000C0         
   92 000000C0         
   93 000000C0         
   94 000000C0         __Vectors_End
   95 000000C0         
   96 000000C0 000000C0 
                       __Vectors_Size
                               EQU              __Vectors_End - __Vectors
   97 000000C0         



ARM Macro Assembler    Page 4 


   98 000000C0                 AREA             |.text|, CODE, READONLY
   99 00000000         
  100 00000000         
  101 00000000         ; Reset Handler
  102 00000000         
  103 00000000         Reset_Handler
                               PROC
  104 00000000                 EXPORT           Reset_Handler             [WEAK
]
  105 00000000                 IMPORT           SystemInit
  106 00000000                 IMPORT           __main
  107 00000000         
  108 00000000 4906            LDR              R1, =0x0
  109 00000002 6808            LDR              R0, [R1]
  110 00000004 4685            MOV              SP, R0
  111 00000006         
  112 00000006 4806            LDR              R0, =SystemInit
  113 00000008 4780            BLX              R0
  114 0000000A 4806            LDR              R0, =__main
  115 0000000C 4700            BX               R0
  116 0000000E                 ENDP
  117 0000000E         
  118 0000000E         
  119 0000000E         ; Dummy Exception Handlers (infinite loops which can be 
                       modified)
  120 0000000E         
  121 0000000E         NMI_Handler
                               PROC
  122 0000000E                 EXPORT           NMI_Handler               [WEAK
]
  123 0000000E E7FE            B                .
  124 00000010                 ENDP
  125 00000010         
  126 00000010         
  128 00000010         HardFault_Handler
                               PROC
  129 00000010                 EXPORT           HardFault_Handler         [WEAK
]
  130 00000010 E7FE            B                .
  131 00000012                 ENDP
  132 00000012         SVC_Handler
                               PROC
  133 00000012                 EXPORT           SVC_Handler               [WEAK
]
  134 00000012 E7FE            B                .
  135 00000014                 ENDP
  136 00000014         PendSV_Handler
                               PROC
  137 00000014                 EXPORT           PendSV_Handler            [WEAK
]
  138 00000014 E7FE            B                .
  139 00000016                 ENDP
  140 00000016         SysTick_Handler
                               PROC
  141 00000016                 EXPORT           SysTick_Handler           [WEAK
]
  142 00000016 E7FE            B                .
  143 00000018                 ENDP
  144 00000018         



ARM Macro Assembler    Page 5 


  145 00000018         Default_Handler
                               PROC
  146 00000018                 EXPORT           WDT_IRQHandler            [WEAK
]
  147 00000018                 EXPORT           LVD_IRQHandler            [WEAK
]
  148 00000018                 EXPORT           RTC_IRQHandler            [WEAK
]
  149 00000018                 EXPORT           FLASHRAM_IRQHandler       [WEAK
]
  150 00000018                 EXPORT           SYSCTRL_IRQHandler        [WEAK
]
  151 00000018                 EXPORT           GPIOA_IRQHandler          [WEAK
]
  152 00000018                 EXPORT           GPIOB_IRQHandler          [WEAK
]
  153 00000018                 EXPORT           GPIOC_IRQHandler          [WEAK
]
  154 00000018                 EXPORT           GPIOF_IRQHandler          [WEAK
]
  155 00000018                 EXPORT           DMACH12_IRQHandler        [WEAK
]
  156 00000018                 EXPORT           DMACH34_IRQHandler        [WEAK
]
  157 00000018                 EXPORT           CORDIC_IRQHandler         [WEAK
]
  158 00000018                 EXPORT           ADC1_IRQHandler           [WEAK
]
  159 00000018                 EXPORT           ATIM_IRQHandler           [WEAK
]
  160 00000018                 EXPORT           VC13_IRQHandler           [WEAK
]
  161 00000018                 EXPORT           VC24_IRQHandler           [WEAK
]
  162 00000018                 EXPORT           GTIM1_IRQHandler          [WEAK
]
  163 00000018                 EXPORT           GTIM2_IRQHandler          [WEAK
]
  164 00000018                 EXPORT           GTIM34_IRQHandler         [WEAK
]
  165 00000018                 EXPORT           LPTIM_IRQHandler          [WEAK
]
  166 00000018                 EXPORT           BTIM1_IRQHandler          [WEAK
]
  167 00000018                 EXPORT           BTIM2_IRQHandler          [WEAK
]
  168 00000018                 EXPORT           BTIM3_HALLTIM_IRQHandler  [WEAK
]
  169 00000018                 EXPORT           I2C1_IRQHandler           [WEAK
]
  170 00000018                 EXPORT           I2C2_IRQHandler           [WEAK
]
  171 00000018                 EXPORT           SPI1_IRQHandler           [WEAK
]
  172 00000018                 EXPORT           SPI23_IRQHandler          [WEAK
]
  173 00000018                 EXPORT           UART1_IRQHandler          [WEAK
]
  174 00000018                 EXPORT           UART2_IRQHandler          [WEAK



ARM Macro Assembler    Page 6 


]
  175 00000018                 EXPORT           UART3_IRQHandler          [WEAK
]
  176 00000018                 EXPORT           ADC2_DAC_IRQHandler       [WEAK
]
  177 00000018                 EXPORT           CLKFAULT_IRQHandler       [WEAK
]
  178 00000018         
  179 00000018         WDT_IRQHandler
  180 00000018         LVD_IRQHandler
  181 00000018         RTC_IRQHandler
  182 00000018         FLASHRAM_IRQHandler
  183 00000018         SYSCTRL_IRQHandler
  184 00000018         GPIOA_IRQHandler
  185 00000018         GPIOB_IRQHandler
  186 00000018         GPIOC_IRQHandler
  187 00000018         GPIOF_IRQHandler
  188 00000018         DMACH12_IRQHandler
  189 00000018         DMACH34_IRQHandler
  190 00000018         CORDIC_IRQHandler
  191 00000018         ADC1_IRQHandler
  192 00000018         ATIM_IRQHandler
  193 00000018         VC13_IRQHandler
  194 00000018         VC24_IRQHandler
  195 00000018         GTIM1_IRQHandler
  196 00000018         GTIM2_IRQHandler
  197 00000018         GTIM34_IRQHandler
  198 00000018         LPTIM_IRQHandler
  199 00000018         BTIM1_IRQHandler
  200 00000018         BTIM2_IRQHandler
  201 00000018         BTIM3_HALLTIM_IRQHandler
  202 00000018         I2C1_IRQHandler
  203 00000018         I2C2_IRQHandler
  204 00000018         SPI1_IRQHandler
  205 00000018         SPI23_IRQHandler
  206 00000018         UART1_IRQHandler
  207 00000018         UART2_IRQHandler
  208 00000018         UART3_IRQHandler
  209 00000018         ADC2_DAC_IRQHandler
  210 00000018         CLKFAULT_IRQHandler
  211 00000018         
  212 00000018 E7FE            B                .
  213 0000001A         
  214 0000001A                 ENDP
  215 0000001A         
  216 0000001A         
  217 0000001A 00 00           ALIGN
  218 0000001C         
  219 0000001C         
  220 0000001C         ; User Initial Stack & Heap
  221 0000001C         
  222 0000001C                 IF               :DEF:__MICROLIB
  223 0000001C         
  224 0000001C                 EXPORT           __initial_sp
  225 0000001C                 EXPORT           __heap_base
  226 0000001C                 EXPORT           __heap_limit
  227 0000001C         
  228 0000001C                 ELSE
  242                          ENDIF



ARM Macro Assembler    Page 7 


  243 0000001C         
  244 0000001C         
  245 0000001C                 END
              00000000 
              00000000 
              00000000 
Command Line: --debug --xref --diag_suppress=9931 --cpu=Cortex-M0+ --apcs=inter
work --depend=.\objects\startup_cw32l012.d -o.\objects\startup_cw32l012.o -I.\R
TE\_Target_1 -ID:\Users\Administrator\AppData\Local\Arm\Packs\ARM\CMSIS\6.2.0\C
MSIS\Core\Include -ID:\Users\Administrator\AppData\Local\Arm\Packs\WHXY\CW32L01
2_DFP\1.0.1\Device\Include --predefine="__MICROLIB SETA 1" --predefine="__UVISI
ON_VERSION SETA 542" --predefine="_RTE_ SETA 1" --list=.\listings\startup_cw32l
012.lst ..\..\..\..\IDEsupport\MDK\startup_cw32l012.s



ARM Macro Assembler    Page 1 Alphabetic symbol ordering
Relocatable symbols

STACK 00000000

Symbol: STACK
   Definitions
      At line 14 in file ..\..\..\..\IDEsupport\MDK\startup_cw32l012.s
   Uses
      None
Comment: STACK unused
Stack_Mem 00000000

Symbol: Stack_Mem
   Definitions
      At line 15 in file ..\..\..\..\IDEsupport\MDK\startup_cw32l012.s
   Uses
      None
Comment: Stack_Mem unused
__initial_sp 00000400

Symbol: __initial_sp
   Definitions
      At line 16 in file ..\..\..\..\IDEsupport\MDK\startup_cw32l012.s
   Uses
      At line 42 in file ..\..\..\..\IDEsupport\MDK\startup_cw32l012.s
      At line 224 in file ..\..\..\..\IDEsupport\MDK\startup_cw32l012.s

3 symbols



ARM Macro Assembler    Page 1 Alphabetic symbol ordering
Relocatable symbols

HEAP 00000000

Symbol: HEAP
   Definitions
      At line 24 in file ..\..\..\..\IDEsupport\MDK\startup_cw32l012.s
   Uses
      None
Comment: HEAP unused
Heap_Mem 00000000

Symbol: Heap_Mem
   Definitions
      At line 26 in file ..\..\..\..\IDEsupport\MDK\startup_cw32l012.s
   Uses
      None
Comment: Heap_Mem unused
__heap_base 00000000

Symbol: __heap_base
   Definitions
      At line 25 in file ..\..\..\..\IDEsupport\MDK\startup_cw32l012.s
   Uses
      At line 225 in file ..\..\..\..\IDEsupport\MDK\startup_cw32l012.s
Comment: __heap_base used once
__heap_limit 00000200

Symbol: __heap_limit
   Definitions
      At line 27 in file ..\..\..\..\IDEsupport\MDK\startup_cw32l012.s
   Uses
      At line 226 in file ..\..\..\..\IDEsupport\MDK\startup_cw32l012.s
Comment: __heap_limit used once
4 symbols



ARM Macro Assembler    Page 1 Alphabetic symbol ordering
Relocatable symbols

RESET 00000000

Symbol: RESET
   Definitions
      At line 36 in file ..\..\..\..\IDEsupport\MDK\startup_cw32l012.s
   Uses
      None
Comment: RESET unused
__Vectors 00000000

Symbol: __Vectors
   Definitions
      At line 41 in file ..\..\..\..\IDEsupport\MDK\startup_cw32l012.s
   Uses
      At line 37 in file ..\..\..\..\IDEsupport\MDK\startup_cw32l012.s
      At line 96 in file ..\..\..\..\IDEsupport\MDK\startup_cw32l012.s

__Vectors_End 000000C0

Symbol: __Vectors_End
   Definitions
      At line 94 in file ..\..\..\..\IDEsupport\MDK\startup_cw32l012.s
   Uses
      At line 38 in file ..\..\..\..\IDEsupport\MDK\startup_cw32l012.s
      At line 96 in file ..\..\..\..\IDEsupport\MDK\startup_cw32l012.s

3 symbols



ARM Macro Assembler    Page 1 Alphabetic symbol ordering
Relocatable symbols

.text 00000000

Symbol: .text
   Definitions
      At line 98 in file ..\..\..\..\IDEsupport\MDK\startup_cw32l012.s
   Uses
      None
Comment: .text unused
ADC1_IRQHandler 00000018

Symbol: ADC1_IRQHandler
   Definitions
      At line 191 in file ..\..\..\..\IDEsupport\MDK\startup_cw32l012.s
   Uses
      At line 71 in file ..\..\..\..\IDEsupport\MDK\startup_cw32l012.s
      At line 158 in file ..\..\..\..\IDEsupport\MDK\startup_cw32l012.s

ADC2_DAC_IRQHandler 00000018

Symbol: ADC2_DAC_IRQHandler
   Definitions
      At line 209 in file ..\..\..\..\IDEsupport\MDK\startup_cw32l012.s
   Uses
      At line 89 in file ..\..\..\..\IDEsupport\MDK\startup_cw32l012.s
      At line 176 in file ..\..\..\..\IDEsupport\MDK\startup_cw32l012.s

ATIM_IRQHandler 00000018

Symbol: ATIM_IRQHandler
   Definitions
      At line 192 in file ..\..\..\..\IDEsupport\MDK\startup_cw32l012.s
   Uses
      At line 72 in file ..\..\..\..\IDEsupport\MDK\startup_cw32l012.s
      At line 159 in file ..\..\..\..\IDEsupport\MDK\startup_cw32l012.s

BTIM1_IRQHandler 00000018

Symbol: BTIM1_IRQHandler
   Definitions
      At line 199 in file ..\..\..\..\IDEsupport\MDK\startup_cw32l012.s
   Uses
      At line 79 in file ..\..\..\..\IDEsupport\MDK\startup_cw32l012.s
      At line 166 in file ..\..\..\..\IDEsupport\MDK\startup_cw32l012.s

BTIM2_IRQHandler 00000018

Symbol: BTIM2_IRQHandler
   Definitions
      At line 200 in file ..\..\..\..\IDEsupport\MDK\startup_cw32l012.s
   Uses
      At line 80 in file ..\..\..\..\IDEsupport\MDK\startup_cw32l012.s
      At line 167 in file ..\..\..\..\IDEsupport\MDK\startup_cw32l012.s

BTIM3_HALLTIM_IRQHandler 00000018

Symbol: BTIM3_HALLTIM_IRQHandler
   Definitions
      At line 201 in file ..\..\..\..\IDEsupport\MDK\startup_cw32l012.s
   Uses



ARM Macro Assembler    Page 2 Alphabetic symbol ordering
Relocatable symbols

      At line 81 in file ..\..\..\..\IDEsupport\MDK\startup_cw32l012.s
      At line 168 in file ..\..\..\..\IDEsupport\MDK\startup_cw32l012.s

CLKFAULT_IRQHandler 00000018

Symbol: CLKFAULT_IRQHandler
   Definitions
      At line 210 in file ..\..\..\..\IDEsupport\MDK\startup_cw32l012.s
   Uses
      At line 90 in file ..\..\..\..\IDEsupport\MDK\startup_cw32l012.s
      At line 177 in file ..\..\..\..\IDEsupport\MDK\startup_cw32l012.s

CORDIC_IRQHandler 00000018

Symbol: CORDIC_IRQHandler
   Definitions
      At line 190 in file ..\..\..\..\IDEsupport\MDK\startup_cw32l012.s
   Uses
      At line 70 in file ..\..\..\..\IDEsupport\MDK\startup_cw32l012.s
      At line 157 in file ..\..\..\..\IDEsupport\MDK\startup_cw32l012.s

DMACH12_IRQHandler 00000018

Symbol: DMACH12_IRQHandler
   Definitions
      At line 188 in file ..\..\..\..\IDEsupport\MDK\startup_cw32l012.s
   Uses
      At line 68 in file ..\..\..\..\IDEsupport\MDK\startup_cw32l012.s
      At line 155 in file ..\..\..\..\IDEsupport\MDK\startup_cw32l012.s

DMACH34_IRQHandler 00000018

Symbol: DMACH34_IRQHandler
   Definitions
      At line 189 in file ..\..\..\..\IDEsupport\MDK\startup_cw32l012.s
   Uses
      At line 69 in file ..\..\..\..\IDEsupport\MDK\startup_cw32l012.s
      At line 156 in file ..\..\..\..\IDEsupport\MDK\startup_cw32l012.s

Default_Handler 00000018

Symbol: Default_Handler
   Definitions
      At line 145 in file ..\..\..\..\IDEsupport\MDK\startup_cw32l012.s
   Uses
      None
Comment: Default_Handler unused
FLASHRAM_IRQHandler 00000018

Symbol: FLASHRAM_IRQHandler
   Definitions
      At line 182 in file ..\..\..\..\IDEsupport\MDK\startup_cw32l012.s
   Uses
      At line 62 in file ..\..\..\..\IDEsupport\MDK\startup_cw32l012.s
      At line 149 in file ..\..\..\..\IDEsupport\MDK\startup_cw32l012.s

GPIOA_IRQHandler 00000018

Symbol: GPIOA_IRQHandler



ARM Macro Assembler    Page 3 Alphabetic symbol ordering
Relocatable symbols

   Definitions
      At line 184 in file ..\..\..\..\IDEsupport\MDK\startup_cw32l012.s
   Uses
      At line 64 in file ..\..\..\..\IDEsupport\MDK\startup_cw32l012.s
      At line 151 in file ..\..\..\..\IDEsupport\MDK\startup_cw32l012.s

GPIOB_IRQHandler 00000018

Symbol: GPIOB_IRQHandler
   Definitions
      At line 185 in file ..\..\..\..\IDEsupport\MDK\startup_cw32l012.s
   Uses
      At line 65 in file ..\..\..\..\IDEsupport\MDK\startup_cw32l012.s
      At line 152 in file ..\..\..\..\IDEsupport\MDK\startup_cw32l012.s

GPIOC_IRQHandler 00000018

Symbol: GPIOC_IRQHandler
   Definitions
      At line 186 in file ..\..\..\..\IDEsupport\MDK\startup_cw32l012.s
   Uses
      At line 66 in file ..\..\..\..\IDEsupport\MDK\startup_cw32l012.s
      At line 153 in file ..\..\..\..\IDEsupport\MDK\startup_cw32l012.s

GPIOF_IRQHandler 00000018

Symbol: GPIOF_IRQHandler
   Definitions
      At line 187 in file ..\..\..\..\IDEsupport\MDK\startup_cw32l012.s
   Uses
      At line 67 in file ..\..\..\..\IDEsupport\MDK\startup_cw32l012.s
      At line 154 in file ..\..\..\..\IDEsupport\MDK\startup_cw32l012.s

GTIM1_IRQHandler 00000018

Symbol: GTIM1_IRQHandler
   Definitions
      At line 195 in file ..\..\..\..\IDEsupport\MDK\startup_cw32l012.s
   Uses
      At line 75 in file ..\..\..\..\IDEsupport\MDK\startup_cw32l012.s
      At line 162 in file ..\..\..\..\IDEsupport\MDK\startup_cw32l012.s

GTIM2_IRQHandler 00000018

Symbol: GTIM2_IRQHandler
   Definitions
      At line 196 in file ..\..\..\..\IDEsupport\MDK\startup_cw32l012.s
   Uses
      At line 76 in file ..\..\..\..\IDEsupport\MDK\startup_cw32l012.s
      At line 163 in file ..\..\..\..\IDEsupport\MDK\startup_cw32l012.s

GTIM34_IRQHandler 00000018

Symbol: GTIM34_IRQHandler
   Definitions
      At line 197 in file ..\..\..\..\IDEsupport\MDK\startup_cw32l012.s
   Uses
      At line 77 in file ..\..\..\..\IDEsupport\MDK\startup_cw32l012.s
      At line 164 in file ..\..\..\..\IDEsupport\MDK\startup_cw32l012.s



ARM Macro Assembler    Page 4 Alphabetic symbol ordering
Relocatable symbols


HardFault_Handler 00000010

Symbol: HardFault_Handler
   Definitions
      At line 128 in file ..\..\..\..\IDEsupport\MDK\startup_cw32l012.s
   Uses
      At line 45 in file ..\..\..\..\IDEsupport\MDK\startup_cw32l012.s
      At line 129 in file ..\..\..\..\IDEsupport\MDK\startup_cw32l012.s

I2C1_IRQHandler 00000018

Symbol: I2C1_IRQHandler
   Definitions
      At line 202 in file ..\..\..\..\IDEsupport\MDK\startup_cw32l012.s
   Uses
      At line 82 in file ..\..\..\..\IDEsupport\MDK\startup_cw32l012.s
      At line 169 in file ..\..\..\..\IDEsupport\MDK\startup_cw32l012.s

I2C2_IRQHandler 00000018

Symbol: I2C2_IRQHandler
   Definitions
      At line 203 in file ..\..\..\..\IDEsupport\MDK\startup_cw32l012.s
   Uses
      At line 83 in file ..\..\..\..\IDEsupport\MDK\startup_cw32l012.s
      At line 170 in file ..\..\..\..\IDEsupport\MDK\startup_cw32l012.s

LPTIM_IRQHandler 00000018

Symbol: LPTIM_IRQHandler
   Definitions
      At line 198 in file ..\..\..\..\IDEsupport\MDK\startup_cw32l012.s
   Uses
      At line 78 in file ..\..\..\..\IDEsupport\MDK\startup_cw32l012.s
      At line 165 in file ..\..\..\..\IDEsupport\MDK\startup_cw32l012.s

LVD_IRQHandler 00000018

Symbol: LVD_IRQHandler
   Definitions
      At line 180 in file ..\..\..\..\IDEsupport\MDK\startup_cw32l012.s
   Uses
      At line 60 in file ..\..\..\..\IDEsupport\MDK\startup_cw32l012.s
      At line 147 in file ..\..\..\..\IDEsupport\MDK\startup_cw32l012.s

NMI_Handler 0000000E

Symbol: NMI_Handler
   Definitions
      At line 121 in file ..\..\..\..\IDEsupport\MDK\startup_cw32l012.s
   Uses
      At line 44 in file ..\..\..\..\IDEsupport\MDK\startup_cw32l012.s
      At line 122 in file ..\..\..\..\IDEsupport\MDK\startup_cw32l012.s

PendSV_Handler 00000014

Symbol: PendSV_Handler
   Definitions



ARM Macro Assembler    Page 5 Alphabetic symbol ordering
Relocatable symbols

      At line 136 in file ..\..\..\..\IDEsupport\MDK\startup_cw32l012.s
   Uses
      At line 56 in file ..\..\..\..\IDEsupport\MDK\startup_cw32l012.s
      At line 137 in file ..\..\..\..\IDEsupport\MDK\startup_cw32l012.s

RTC_IRQHandler 00000018

Symbol: RTC_IRQHandler
   Definitions
      At line 181 in file ..\..\..\..\IDEsupport\MDK\startup_cw32l012.s
   Uses
      At line 61 in file ..\..\..\..\IDEsupport\MDK\startup_cw32l012.s
      At line 148 in file ..\..\..\..\IDEsupport\MDK\startup_cw32l012.s

Reset_Handler 00000000

Symbol: Reset_Handler
   Definitions
      At line 103 in file ..\..\..\..\IDEsupport\MDK\startup_cw32l012.s
   Uses
      At line 43 in file ..\..\..\..\IDEsupport\MDK\startup_cw32l012.s
      At line 104 in file ..\..\..\..\IDEsupport\MDK\startup_cw32l012.s

SPI1_IRQHandler 00000018

Symbol: SPI1_IRQHandler
   Definitions
      At line 204 in file ..\..\..\..\IDEsupport\MDK\startup_cw32l012.s
   Uses
      At line 84 in file ..\..\..\..\IDEsupport\MDK\startup_cw32l012.s
      At line 171 in file ..\..\..\..\IDEsupport\MDK\startup_cw32l012.s

SPI23_IRQHandler 00000018

Symbol: SPI23_IRQHandler
   Definitions
      At line 205 in file ..\..\..\..\IDEsupport\MDK\startup_cw32l012.s
   Uses
      At line 85 in file ..\..\..\..\IDEsupport\MDK\startup_cw32l012.s
      At line 172 in file ..\..\..\..\IDEsupport\MDK\startup_cw32l012.s

SVC_Handler 00000012

Symbol: SVC_Handler
   Definitions
      At line 132 in file ..\..\..\..\IDEsupport\MDK\startup_cw32l012.s
   Uses
      At line 53 in file ..\..\..\..\IDEsupport\MDK\startup_cw32l012.s
      At line 133 in file ..\..\..\..\IDEsupport\MDK\startup_cw32l012.s

SYSCTRL_IRQHandler 00000018

Symbol: SYSCTRL_IRQHandler
   Definitions
      At line 183 in file ..\..\..\..\IDEsupport\MDK\startup_cw32l012.s
   Uses
      At line 63 in file ..\..\..\..\IDEsupport\MDK\startup_cw32l012.s
      At line 150 in file ..\..\..\..\IDEsupport\MDK\startup_cw32l012.s




ARM Macro Assembler    Page 6 Alphabetic symbol ordering
Relocatable symbols

SysTick_Handler 00000016

Symbol: SysTick_Handler
   Definitions
      At line 140 in file ..\..\..\..\IDEsupport\MDK\startup_cw32l012.s
   Uses
      At line 57 in file ..\..\..\..\IDEsupport\MDK\startup_cw32l012.s
      At line 141 in file ..\..\..\..\IDEsupport\MDK\startup_cw32l012.s

UART1_IRQHandler 00000018

Symbol: UART1_IRQHandler
   Definitions
      At line 206 in file ..\..\..\..\IDEsupport\MDK\startup_cw32l012.s
   Uses
      At line 86 in file ..\..\..\..\IDEsupport\MDK\startup_cw32l012.s
      At line 173 in file ..\..\..\..\IDEsupport\MDK\startup_cw32l012.s

UART2_IRQHandler 00000018

Symbol: UART2_IRQHandler
   Definitions
      At line 207 in file ..\..\..\..\IDEsupport\MDK\startup_cw32l012.s
   Uses
      At line 87 in file ..\..\..\..\IDEsupport\MDK\startup_cw32l012.s
      At line 174 in file ..\..\..\..\IDEsupport\MDK\startup_cw32l012.s

UART3_IRQHandler 00000018

Symbol: UART3_IRQHandler
   Definitions
      At line 208 in file ..\..\..\..\IDEsupport\MDK\startup_cw32l012.s
   Uses
      At line 88 in file ..\..\..\..\IDEsupport\MDK\startup_cw32l012.s
      At line 175 in file ..\..\..\..\IDEsupport\MDK\startup_cw32l012.s

VC13_IRQHandler 00000018

Symbol: VC13_IRQHandler
   Definitions
      At line 193 in file ..\..\..\..\IDEsupport\MDK\startup_cw32l012.s
   Uses
      At line 73 in file ..\..\..\..\IDEsupport\MDK\startup_cw32l012.s
      At line 160 in file ..\..\..\..\IDEsupport\MDK\startup_cw32l012.s

VC24_IRQHandler 00000018

Symbol: VC24_IRQHandler
   Definitions
      At line 194 in file ..\..\..\..\IDEsupport\MDK\startup_cw32l012.s
   Uses
      At line 74 in file ..\..\..\..\IDEsupport\MDK\startup_cw32l012.s
      At line 161 in file ..\..\..\..\IDEsupport\MDK\startup_cw32l012.s

WDT_IRQHandler 00000018

Symbol: WDT_IRQHandler
   Definitions
      At line 179 in file ..\..\..\..\IDEsupport\MDK\startup_cw32l012.s



ARM Macro Assembler    Page 7 Alphabetic symbol ordering
Relocatable symbols

   Uses
      At line 59 in file ..\..\..\..\IDEsupport\MDK\startup_cw32l012.s
      At line 146 in file ..\..\..\..\IDEsupport\MDK\startup_cw32l012.s

40 symbols



ARM Macro Assembler    Page 1 Alphabetic symbol ordering
Absolute symbols

Heap_Size 00000200

Symbol: Heap_Size
   Definitions
      At line 22 in file ..\..\..\..\IDEsupport\MDK\startup_cw32l012.s
   Uses
      At line 26 in file ..\..\..\..\IDEsupport\MDK\startup_cw32l012.s
Comment: Heap_Size used once
Stack_Size 00000400

Symbol: Stack_Size
   Definitions
      At line 12 in file ..\..\..\..\IDEsupport\MDK\startup_cw32l012.s
   Uses
      At line 15 in file ..\..\..\..\IDEsupport\MDK\startup_cw32l012.s
Comment: Stack_Size used once
__Vectors_Size 000000C0

Symbol: __Vectors_Size
   Definitions
      At line 96 in file ..\..\..\..\IDEsupport\MDK\startup_cw32l012.s
   Uses
      At line 39 in file ..\..\..\..\IDEsupport\MDK\startup_cw32l012.s
Comment: __Vectors_Size used once
3 symbols



ARM Macro Assembler    Page 1 Alphabetic symbol ordering
External symbols

SystemInit 00000000

Symbol: SystemInit
   Definitions
      At line 105 in file ..\..\..\..\IDEsupport\MDK\startup_cw32l012.s
   Uses
      At line 112 in file ..\..\..\..\IDEsupport\MDK\startup_cw32l012.s
Comment: SystemInit used once
__main 00000000

Symbol: __main
   Definitions
      At line 106 in file ..\..\..\..\IDEsupport\MDK\startup_cw32l012.s
   Uses
      At line 114 in file ..\..\..\..\IDEsupport\MDK\startup_cw32l012.s
Comment: __main used once
2 symbols
390 symbols in table
